# JRE version: OpenJDK Runtime Environment (11.0.4+11) (build 11.0.4+11-post-Ubuntu-1ubuntu218.04.3)
# Java VM: OpenJDK 64-Bit Server VM (11.0.4+11-post-Ubuntu-1ubuntu218.04.3, mixed mode, sharing, tiered, compressed oops, g1 gc, linux-amd64)
Heap:
 garbage-first heap   total 120832K, used 43632K [0x00000000e0e00000, 0x0000000100000000)
  region size 1024K, 1 young (1024K), 1 survivors (1024K)
 Metaspace       used 33041K, capacity 34435K, committed 34684K, reserved 1079296K
  class space    used 3785K, capacity 4208K, committed 4272K, reserved 1048576K
GC Heap History (10 events):
Event: 189,253 GC heap after
{Heap after GC invocations=47 (full 0):
 garbage-first heap   total 64512K, used 44340K [0x00000000e0e00000, 0x0000000100000000)
  region size 1024K, 1 young (1024K), 1 survivors (1024K)
 Metaspace       used 32919K, capacity 34294K, committed 34428K, reserved 1079296K
  class space    used 3782K, capacity 4205K, committed 4272K, reserved 1048576K
}
Event: 189,449 GC heap before
{Heap before GC invocations=48 (full 0):
 garbage-first heap   total 64512K, used 48436K [0x00000000e0e00000, 0x0000000100000000)
  region size 1024K, 6 young (6144K), 1 survivors (1024K)
 Metaspace       used 32932K, capacity 34303K, committed 34428K, reserved 1079296K
  class space    used 3783K, capacity 4208K, committed 4272K, reserved 1048576K
}
Event: 189,463 GC heap after
{Heap after GC invocations=49 (full 0):
 garbage-first heap   total 64512K, used 44996K [0x00000000e0e00000, 0x0000000100000000)
  region size 1024K, 1 young (1024K), 1 survivors (1024K)
 Metaspace       used 32932K, capacity 34303K, committed 34428K, reserved 1079296K
  class space    used 3783K, capacity 4208K, committed 4272K, reserved 1048576K
}
Event: 189,541 GC heap before
{Heap before GC invocations=49 (full 0):
 garbage-first heap   total 64512K, used 47044K [0x00000000e0e00000, 0x0000000100000000)
  region size 1024K, 3 young (3072K), 1 survivors (1024K)
 Metaspace       used 32934K, capacity 34304K, committed 34428K, reserved 1079296K
  class space    used 3783K, capacity 4208K, committed 4272K, reserved 1048576K
}
Event: 189,585 GC heap after
{Heap after GC invocations=50 (full 0):
 garbage-first heap   total 64512K, used 41663K [0x00000000e0e00000, 0x0000000100000000)
  region size 1024K, 1 young (1024K), 1 survivors (1024K)
 Metaspace       used 32934K, capacity 34304K, committed 34428K, reserved 1079296K
  class space    used 3783K, capacity 4208K, committed 4272K, reserved 1048576K
}
Event: 190,705 GC heap before
{Heap before GC invocations=50 (full 0):
 garbage-first heap   total 64512K, used 47807K [0x00000000e0e00000, 0x0000000100000000)
  region size 1024K, 7 young (7168K), 1 survivors (1024K)
 Metaspace       used 32948K, capacity 34304K, committed 34428K, reserved 1079296K
  class space    used 3783K, capacity 4208K, committed 4272K, reserved 1048576K
}
Event: 190,752 GC heap after
{Heap after GC invocations=51 (full 0):
 garbage-first heap   total 64512K, used 42846K [0x00000000e0e00000, 0x0000000100000000)
  region size 1024K, 1 young (1024K), 1 survivors (1024K)
 Metaspace       used 32948K, capacity 34304K, committed 34428K, reserved 1079296K
  class space    used 3783K, capacity 4208K, committed 4272K, reserved 1048576K
}
Event: 191,811 GC heap before
{Heap before GC invocations=52 (full 0):
 garbage-first heap   total 64512K, used 47966K [0x00000000e0e00000, 0x0000000100000000)
  region size 1024K, 6 young (6144K), 1 survivors (1024K)
 Metaspace       used 33027K, capacity 34371K, committed 34684K, reserved 1079296K
  class space    used 3785K, capacity 4208K, committed 4272K, reserved 1048576K
}
Event: 191,860 GC heap after
{Heap after GC invocations=53 (full 0):
 garbage-first heap   total 64512K, used 43797K [0x00000000e0e00000, 0x0000000100000000)
  region size 1024K, 1 young (1024K), 1 survivors (1024K)
 Metaspace       used 33027K, capacity 34371K, committed 34684K, reserved 1079296K
  class space    used 3785K, capacity 4208K, committed 4272K, reserved 1048576K
}
Event: 193,037 GC heap before
{Heap before GC invocations=53 (full 0):
 garbage-first heap   total 64512K, used 45845K [0x00000000e0e00000, 0x0000000100000000)
  region size 1024K, 3 young (3072K), 1 survivors (1024K)
 Metaspace       used 33041K, capacity 34435K, committed 34684K, reserved 1079296K
  class space    used 3785K, capacity 4208K, committed 4272K, reserved 1048576K
}

